生成启动时间为 2016/5/5 9:50:49。
     1>项目“T:\local\dns_selector\trunk\code\third\duilib\src\DuiLib_Static.vcxproj”在节点 3 上(Build 个目标)。
     1>ClCompile:
         D:\Program Files (x86)\Microsoft Visual Studio 12.0\VC\bin\CL.exe /c /Zi /nologo /W3 /WX- /O1 /Ob1 /Oy- /D WIN32 /D NDEBUG /D _WINDOWS /D UILIB_STATIC /D _VC80_UPGRADE=0x0600 /D _USING_V110_SDK71_ /D _UNICODE /D UNICODE /GF /Gm- /EHsc /MT /GS /Gy /fp:precise /Zc:wchar_t /Zc:forScope /Yc"stdafx.h" /Fp".\Build\Release/DuiLib.pch" /Fo".\Build\Release\\" /Fd".\Build\Release\vc120.pdb" /Gd /TP /analyze- /errorReport:prompt StdAfx.cpp
         StdAfx.cpp
         D:\Program Files (x86)\Microsoft Visual Studio 12.0\VC\bin\CL.exe /c /Zi /nologo /W3 /WX- /O1 /Ob1 /Oy- /D WIN32 /D NDEBUG /D _WINDOWS /D UILIB_STATIC /D _VC80_UPGRADE=0x0600 /D _USING_V110_SDK71_ /D _UNICODE /D UNICODE /GF /Gm- /EHsc /MT /GS /Gy /fp:precise /Zc:wchar_t /Zc:forScope /Yu"stdafx.h" /Fp".\Build\Release/DuiLib.pch" /Fo".\Build\Release\\" /Fd".\Build\Release\vc120.pdb" /Gd /TP /analyze- /errorReport:prompt UIlib.cpp Utils\WinImplBase.cpp Utils\UIDelegate.cpp Utils\Utils.cpp Core\UIBase.cpp Core\UIContainer.cpp Core\UIControl.cpp Core\UIDlgBuilder.cpp Core\UIManager.cpp Core\UIMarkup.cpp Core\UIRender.cpp Layout\UIChildLayout.cpp Layout\UIHorizontalLayout.cpp Layout\UITabLayout.cpp Layout\UITileLayout.cpp Layout\UIVerticalLayout.cpp Control\UIActiveX.cpp Control\UIButton.cpp Control\UICheckBox.cpp Control\UICombo.cpp Control\UIDateTime.cpp Control\UIEdit.cpp Control\UIGifAnim.cpp Control\UILabel.cpp Control\UIList.cpp Control\UIOption.cpp Control\UIProgress.cpp Control\UIRichEdit.cpp Control\UIScrollBar.cpp Control\UISlider.cpp Control\UIText.cpp Control\UITreeView.cpp Control\UIWebBrowser.cpp
         UIlib.cpp
         WinImplBase.cpp
         UIDelegate.cpp
         Utils.cpp
         UIBase.cpp
         UIContainer.cpp
         UIControl.cpp
         UIDlgBuilder.cpp
         UIManager.cpp
         UIMarkup.cpp
         UIRender.cpp
         UIChildLayout.cpp
         UIHorizontalLayout.cpp
         UITabLayout.cpp
         UITileLayout.cpp
         UIVerticalLayout.cpp
         UIActiveX.cpp
         UIButton.cpp
         UICheckBox.cpp
         UICombo.cpp
         正在生成代码...
         正在编译...
         UIDateTime.cpp
         UIEdit.cpp
         UIGifAnim.cpp
         UILabel.cpp
         UIList.cpp
         UIOption.cpp
         UIProgress.cpp
         UIRichEdit.cpp
         UIScrollBar.cpp
         UISlider.cpp
         UIText.cpp
         UITreeView.cpp
         UIWebBrowser.cpp
         正在生成代码...
         D:\Program Files (x86)\Microsoft Visual Studio 12.0\VC\bin\CL.exe /c /Zi /nologo /W3 /WX- /O1 /Ob1 /Oy- /D WIN32 /D NDEBUG /D _WINDOWS /D UILIB_STATIC /D _VC80_UPGRADE=0x0600 /D _USING_V110_SDK71_ /D _UNICODE /D UNICODE /GF /Gm- /EHsc /MT /GS /Gy /fp:precise /Zc:wchar_t /Zc:forScope /Fo".\Build\Release\\" /Fd".\Build\Release\vc120.pdb" /Gd /TC /analyze- /errorReport:prompt Utils\stb_image.c
         stb_image.c
         D:\Program Files (x86)\Microsoft Visual Studio 12.0\VC\bin\CL.exe /c /Zi /nologo /W3 /WX- /O1 /Ob1 /Oy- /D WIN32 /D NDEBUG /D _WINDOWS /D UILIB_STATIC /D _VC80_UPGRADE=0x0600 /D _USING_V110_SDK71_ /D _UNICODE /D UNICODE /GF /Gm- /EHsc /MT /GS /Gy /fp:precise /Zc:wchar_t /Zc:forScope /Fo".\Build\Release\\" /Fd".\Build\Release\vc120.pdb" /Gd /TP /analyze- /errorReport:prompt Utils\XUnzip.cpp
         XUnzip.cpp
       Lib:
         D:\Program Files (x86)\Microsoft Visual Studio 12.0\VC\bin\Lib.exe /OUT:"..\bin\lib\Release\DuiLib_Static.lib" /NOLOGO .\Build\Release\StdAfx.obj
         .\Build\Release\UIlib.obj
         .\Build\Release\WinImplBase.obj
         .\Build\Release\stb_image.obj
         .\Build\Release\UIDelegate.obj
         .\Build\Release\Utils.obj
         .\Build\Release\XUnzip.obj
         .\Build\Release\UIBase.obj
         .\Build\Release\UIContainer.obj
         .\Build\Release\UIControl.obj
         .\Build\Release\UIDlgBuilder.obj
         .\Build\Release\UIManager.obj
         .\Build\Release\UIMarkup.obj
         .\Build\Release\UIRender.obj
         .\Build\Release\UIChildLayout.obj
         .\Build\Release\UIHorizontalLayout.obj
         .\Build\Release\UITabLayout.obj
         .\Build\Release\UITileLayout.obj
         .\Build\Release\UIVerticalLayout.obj
         .\Build\Release\UIActiveX.obj
         .\Build\Release\UIButton.obj
         .\Build\Release\UICheckBox.obj
         .\Build\Release\UICombo.obj
         .\Build\Release\UIDateTime.obj
         .\Build\Release\UIEdit.obj
         .\Build\Release\UIGifAnim.obj
         .\Build\Release\UILabel.obj
         .\Build\Release\UIList.obj
         .\Build\Release\UIOption.obj
         .\Build\Release\UIProgress.obj
         .\Build\Release\UIRichEdit.obj
         .\Build\Release\UIScrollBar.obj
         .\Build\Release\UISlider.obj
         .\Build\Release\UIText.obj
         .\Build\Release\UITreeView.obj
         .\Build\Release\UIWebBrowser.obj
         DuiLib_Static.vcxproj -> T:\local\dns_selector\trunk\code\third\duilib\src\..\bin\lib\Release\DuiLib_Static.lib
     1>已完成生成项目“T:\local\dns_selector\trunk\code\third\duilib\src\DuiLib_Static.vcxproj”(Build 个目标)的操作。

生成成功。

已用时间 00:00:06.68
